04-May-2018 17:22:26.865 INFO [main] org.apache.catalina.startup.VersionLoggerListener.log Server version:        Apache Tomcat/9.0.8
04-May-2018 17:22:26.878 INFO [main] org.apache.catalina.startup.VersionLoggerListener.log Server built:          Apr 27 2018 19:32:00 UTC
04-May-2018 17:22:26.878 INFO [main] org.apache.catalina.startup.VersionLoggerListener.log Server number:         9.0.8.0
04-May-2018 17:22:26.878 INFO [main] org.apache.catalina.startup.VersionLoggerListener.log OS Name:               Mac OS X
04-May-2018 17:22:26.879 INFO [main] org.apache.catalina.startup.VersionLoggerListener.log OS Version:            10.12.4
04-May-2018 17:22:26.879 INFO [main] org.apache.catalina.startup.VersionLoggerListener.log Architecture:          x86_64
04-May-2018 17:22:26.879 INFO [main] org.apache.catalina.startup.VersionLoggerListener.log Java Home:             /Library/Java/JavaVirtualMachines/jdk1.8.0_121.jdk/Contents/Home/jre
04-May-2018 17:22:26.879 INFO [main] org.apache.catalina.startup.VersionLoggerListener.log JVM Version:           1.8.0_121-b13
04-May-2018 17:22:26.879 INFO [main] org.apache.catalina.startup.VersionLoggerListener.log JVM Vendor:            Oracle Corporation
04-May-2018 17:22:26.879 INFO [main] org.apache.catalina.startup.VersionLoggerListener.log CATALINA_BASE:         /Users/sonny/pki-example-1/tomcat
04-May-2018 17:22:26.880 INFO [main] org.apache.catalina.startup.VersionLoggerListener.log CATALINA_HOME:         /Users/sonny/pki-example-1/tomcat
04-May-2018 17:22:26.881 INFO [main] org.apache.catalina.startup.VersionLoggerListener.log Command line argument: -Djava.util.logging.config.file=/Users/sonny/pki-example-1/tomcat/conf/logging.properties
04-May-2018 17:22:26.881 INFO [main] org.apache.catalina.startup.VersionLoggerListener.log Command line argument: -Djava.util.logging.manager=org.apache.juli.ClassLoaderLogManager
04-May-2018 17:22:26.881 INFO [main] org.apache.catalina.startup.VersionLoggerListener.log Command line argument: -Djdk.tls.ephemeralDHKeySize=2048
04-May-2018 17:22:26.882 INFO [main] org.apache.catalina.startup.VersionLoggerListener.log Command line argument: -Djava.protocol.handler.pkgs=org.apache.catalina.webresources
04-May-2018 17:22:26.882 INFO [main] org.apache.catalina.startup.VersionLoggerListener.log Command line argument: -Dorg.apache.catalina.security.SecurityListener.UMASK=0027
04-May-2018 17:22:26.882 INFO [main] org.apache.catalina.startup.VersionLoggerListener.log Command line argument: -Dignore.endorsed.dirs=
04-May-2018 17:22:26.883 INFO [main] org.apache.catalina.startup.VersionLoggerListener.log Command line argument: -Dcatalina.base=/Users/sonny/pki-example-1/tomcat
04-May-2018 17:22:26.883 INFO [main] org.apache.catalina.startup.VersionLoggerListener.log Command line argument: -Dcatalina.home=/Users/sonny/pki-example-1/tomcat
04-May-2018 17:22:26.883 INFO [main] org.apache.catalina.startup.VersionLoggerListener.log Command line argument: -Djava.io.tmpdir=/Users/sonny/pki-example-1/tomcat/temp
04-May-2018 17:22:26.884 INFO [main] org.apache.catalina.core.AprLifecycleListener.lifecycleEvent The APR based Apache Tomcat Native library which allows optimal performance in production environments was not found on the java.library.path: [/Users/sonny/Library/Java/Extensions:/Library/Java/Extensions:/Network/Library/Java/Extensions:/System/Library/Java/Extensions:/usr/lib/java:.]
04-May-2018 17:22:27.228 INFO [main] org.apache.coyote.AbstractProtocol.init Initializing ProtocolHandler ["http-nio-9999"]
04-May-2018 17:22:27.284 INFO [main] org.apache.tomcat.util.net.NioSelectorPool.getSharedSelector Using a shared selector for servlet write/read
04-May-2018 17:22:27.302 INFO [main] org.apache.coyote.AbstractProtocol.init Initializing ProtocolHandler ["ajp-nio-8009"]
04-May-2018 17:22:27.303 INFO [main] org.apache.tomcat.util.net.NioSelectorPool.getSharedSelector Using a shared selector for servlet write/read
04-May-2018 17:22:27.303 INFO [main] org.apache.catalina.startup.Catalina.load Initialization processed in 1312 ms
04-May-2018 17:22:27.347 INFO [main] org.apache.catalina.core.StandardService.startInternal Starting service [Catalina]
04-May-2018 17:22:27.347 INFO [main] org.apache.catalina.core.StandardEngine.startInternal Starting Servlet Engine: Apache Tomcat/9.0.8
04-May-2018 17:22:27.362 INFO [main] org.apache.catalina.startup.HostConfig.deployDirectory Deploying web application directory [/Users/sonny/pki-example-1/tomcat/webapps/docs]
04-May-2018 17:22:28.029 INFO [main] org.apache.catalina.startup.HostConfig.deployDirectory Deployment of web application directory [/Users/sonny/pki-example-1/tomcat/webapps/docs] has finished in [667] ms
04-May-2018 17:22:28.030 INFO [main] org.apache.catalina.startup.HostConfig.deployDirectory Deploying web application directory [/Users/sonny/pki-example-1/tomcat/webapps/examples]
04-May-2018 17:22:28.521 INFO [main] org.apache.catalina.startup.HostConfig.deployDirectory Deployment of web application directory [/Users/sonny/pki-example-1/tomcat/webapps/examples] has finished in [490] ms
04-May-2018 17:22:28.521 INFO [main] org.apache.catalina.startup.HostConfig.deployDirectory Deploying web application directory [/Users/sonny/pki-example-1/tomcat/webapps/host-manager]
04-May-2018 17:22:28.554 INFO [main] org.apache.catalina.startup.HostConfig.deployDirectory Deployment of web application directory [/Users/sonny/pki-example-1/tomcat/webapps/host-manager] has finished in [33] ms
04-May-2018 17:22:28.554 INFO [main] org.apache.catalina.startup.HostConfig.deployDirectory Deploying web application directory [/Users/sonny/pki-example-1/tomcat/webapps/manager]
04-May-2018 17:22:28.577 INFO [main] org.apache.catalina.startup.HostConfig.deployDirectory Deployment of web application directory [/Users/sonny/pki-example-1/tomcat/webapps/manager] has finished in [22] ms
04-May-2018 17:22:28.577 INFO [main] org.apache.catalina.startup.HostConfig.deployDirectory Deploying web application directory [/Users/sonny/pki-example-1/tomcat/webapps/ROOT]
04-May-2018 17:22:28.595 INFO [main] org.apache.catalina.startup.HostConfig.deployDirectory Deployment of web application directory [/Users/sonny/pki-example-1/tomcat/webapps/ROOT] has finished in [18] ms
04-May-2018 17:22:28.599 INFO [main] org.apache.coyote.AbstractProtocol.start Starting ProtocolHandler ["http-nio-9999"]
04-May-2018 17:22:28.610 INFO [main] org.apache.coyote.AbstractProtocol.start Starting ProtocolHandler ["ajp-nio-8009"]
04-May-2018 17:22:28.614 INFO [main] org.apache.catalina.startup.Catalina.start Server startup in 1310 ms
04-May-2018 17:23:13.214 INFO [Thread-5] org.apache.coyote.AbstractProtocol.pause Pausing ProtocolHandler ["http-nio-9999"]
04-May-2018 17:23:13.279 INFO [Thread-5] org.apache.coyote.AbstractProtocol.pause Pausing ProtocolHandler ["ajp-nio-8009"]
04-May-2018 17:23:13.331 INFO [Thread-5] org.apache.catalina.core.StandardService.stopInternal Stopping service [Catalina]
04-May-2018 17:23:13.363 INFO [Thread-5] org.apache.coyote.AbstractProtocol.stop Stopping ProtocolHandler ["http-nio-9999"]
04-May-2018 17:23:13.367 INFO [Thread-5] org.apache.coyote.AbstractProtocol.stop Stopping ProtocolHandler ["ajp-nio-8009"]
04-May-2018 17:23:13.368 INFO [Thread-5] org.apache.coyote.AbstractProtocol.destroy Destroying ProtocolHandler ["http-nio-9999"]
04-May-2018 17:23:13.369 INFO [Thread-5] org.apache.coyote.AbstractProtocol.destroy Destroying ProtocolHandler ["ajp-nio-8009"]
